<?xml version="1.0" encoding="UTF-8"?>
<!-- Generated by org.testng.reporters.JUnitXMLReporter -->
<testsuite hostname="wesjordans-MacBook-Pro.local" name="Command line test" tests="14" failures="0" timestamp="15 Mar 2016 05:59:35 GMT" time="0.078" errors="0">
  <testcase name="alphanumericValue" time="0.022" classname="com.wes.InvalidDateTestNGTest"/>
  <testcase name="invalidDay" time="0.001" classname="com.wes.InvalidDateTestNGTest"/>
  <testcase name="invalidDayInLeapYear" time="0.0" classname="com.wes.InvalidDateTestNGTest"/>
  <testcase name="invalidLeapDay" time="0.0" classname="com.wes.InvalidDateTestNGTest"/>
  <testcase name="invalidMonth" time="0.0" classname="com.wes.InvalidDateTestNGTest"/>
  <testcase name="invalidYear" time="0.001" classname="com.wes.InvalidDateTestNGTest"/>
  <testcase name="onlyDateTokenizers" time="0.001" classname="com.wes.InvalidDateTestNGTest"/>
  <testcase name="singleDate" time="0.0" classname="com.wes.InvalidDateTestNGTest"/>
  <testcase name="sampleTest1" time="0.0" classname="com.wes.QADateIntervalTestNGTest"/>
  <testcase name="sampleTest2" time="0.0" classname="com.wes.QADateIntervalTestNGTest"/>
  <testcase name="sampleTest3" time="0.0" classname="com.wes.QADateIntervalTestNGTest"/>
  <testcase name="sampleTest4" time="0.0" classname="com.wes.QADateIntervalTestNGTest"/>
  <testcase name="sampleTest5" time="0.0" classname="com.wes.QADateIntervalTestNGTest"/>
  <testcase name="sampleTest6" time="0.0" classname="com.wes.QADateIntervalTestNGTest"/>
</testsuite> <!-- Command line test -->
