<?xml version="1.0" encoding="UTF-8"?>
<testng-results skipped="0" failed="0" total="14" passed="14">
  <reporter-output>
  </reporter-output>
  <suite name="Command line suite" duration-ms="78" started-at="2016-03-15T05:59:35Z" finished-at="2016-03-15T05:59:35Z">
    <groups>
    </groups>
    <test name="Command line test" duration-ms="78" started-at="2016-03-15T05:59:35Z" finished-at="2016-03-15T05:59:35Z">
      <class name="com.wes.InvalidDateTestNGTest">
        <test-method status="PASS" signature="setUpClass()[pri:0, instance:com.wes.InvalidDateTestNGTest@6bdf28bb]" name="setUpClass" is-config="true" duration-ms="20" started-at="2016-03-15T07:59:35Z" finished-at="2016-03-15T07:59:35Z">
          <reporter-output>
          </reporter-output>
        </test-method> <!-- setUpClass -->
        <test-method status="PASS" signature="setUpMethod()[pri:0, instance:com.wes.InvalidDateTestNGTest@6bdf28bb]" name="setUpMethod" is-config="true" duration-ms="1" started-at="2016-03-15T07:59:35Z" finished-at="2016-03-15T07:59:35Z">
          <reporter-output>
          </reporter-output>
        </test-method> <!-- setUpMethod -->
        <test-method status="PASS" signature="alphanumericValue()[pri:0, instance:com.wes.InvalidDateTestNGTest@6bdf28bb]" name="alphanumericValue" duration-ms="22" started-at="2016-03-15T07:59:35Z" finished-at="2016-03-15T07:59:35Z">
          <reporter-output>
          </reporter-output>
        </test-method> <!-- alphanumericValue -->
        <test-method status="PASS" signature="tearDownMethod()[pri:0, instance:com.wes.InvalidDateTestNGTest@6bdf28bb]" name="tearDownMethod" is-config="true" duration-ms="0" started-at="2016-03-15T07:59:35Z" finished-at="2016-03-15T07:59:35Z">
          <reporter-output>
          </reporter-output>
        </test-method> <!-- tearDownMethod -->
        <test-method status="PASS" signature="setUpMethod()[pri:0, instance:com.wes.InvalidDateTestNGTest@6bdf28bb]" name="setUpMethod" is-config="true" duration-ms="1" started-at="2016-03-15T07:59:35Z" finished-at="2016-03-15T07:59:35Z">
          <reporter-output>
          </reporter-output>
        </test-method> <!-- setUpMethod -->
        <test-method status="PASS" signature="invalidDay()[pri:0, instance:com.wes.InvalidDateTestNGTest@6bdf28bb]" name="invalidDay" duration-ms="1" started-at="2016-03-15T07:59:35Z" finished-at="2016-03-15T07:59:35Z">
          <reporter-output>
          </reporter-output>
        </test-method> <!-- invalidDay -->
        <test-method status="PASS" signature="setUpMethod()[pri:0, instance:com.wes.InvalidDateTestNGTest@6bdf28bb]" name="setUpMethod" is-config="true" duration-ms="1" started-at="2016-03-15T07:59:35Z" finished-at="2016-03-15T07:59:35Z">
          <reporter-output>
          </reporter-output>
        </test-method> <!-- setUpMethod -->
        <test-method status="PASS" signature="tearDownMethod()[pri:0, instance:com.wes.InvalidDateTestNGTest@6bdf28bb]" name="tearDownMethod" is-config="true" duration-ms="0" started-at="2016-03-15T07:59:35Z" finished-at="2016-03-15T07:59:35Z">
          <reporter-output>
          </reporter-output>
        </test-method> <!-- tearDownMethod -->
        <test-method status="PASS" signature="setUpMethod()[pri:0, instance:com.wes.InvalidDateTestNGTest@6bdf28bb]" name="setUpMethod" is-config="true" duration-ms="1" started-at="2016-03-15T07:59:35Z" finished-at="2016-03-15T07:59:35Z">
          <reporter-output>
          </reporter-output>
        </test-method> <!-- setUpMethod -->
        <test-method status="PASS" signature="invalidDayInLeapYear()[pri:0, instance:com.wes.InvalidDateTestNGTest@6bdf28bb]" name="invalidDayInLeapYear" duration-ms="0" started-at="2016-03-15T07:59:35Z" finished-at="2016-03-15T07:59:35Z">
          <reporter-output>
          </reporter-output>
        </test-method> <!-- invalidDayInLeapYear -->
        <test-method status="PASS" signature="tearDownMethod()[pri:0, instance:com.wes.InvalidDateTestNGTest@6bdf28bb]" name="tearDownMethod" is-config="true" duration-ms="0" started-at="2016-03-15T07:59:35Z" finished-at="2016-03-15T07:59:35Z">
          <reporter-output>
          </reporter-output>
        </test-method> <!-- tearDownMethod -->
        <test-method status="PASS" signature="invalidLeapDay()[pri:0, instance:com.wes.InvalidDateTestNGTest@6bdf28bb]" name="invalidLeapDay" duration-ms="0" started-at="2016-03-15T07:59:35Z" finished-at="2016-03-15T07:59:35Z">
          <reporter-output>
          </reporter-output>
        </test-method> <!-- invalidLeapDay -->
        <test-method status="PASS" signature="setUpMethod()[pri:0, instance:com.wes.InvalidDateTestNGTest@6bdf28bb]" name="setUpMethod" is-config="true" duration-ms="1" started-at="2016-03-15T07:59:35Z" finished-at="2016-03-15T07:59:35Z">
          <reporter-output>
          </reporter-output>
        </test-method> <!-- setUpMethod -->
        <test-method status="PASS" signature="tearDownMethod()[pri:0, instance:com.wes.InvalidDateTestNGTest@6bdf28bb]" name="tearDownMethod" is-config="true" duration-ms="0" started-at="2016-03-15T07:59:35Z" finished-at="2016-03-15T07:59:35Z">
          <reporter-output>
          </reporter-output>
        </test-method> <!-- tearDownMethod -->
        <test-method status="PASS" signature="invalidMonth()[pri:0, instance:com.wes.InvalidDateTestNGTest@6bdf28bb]" name="invalidMonth" duration-ms="0" started-at="2016-03-15T07:59:35Z" finished-at="2016-03-15T07:59:35Z">
          <reporter-output>
          </reporter-output>
        </test-method> <!-- invalidMonth -->
        <test-method status="PASS" signature="tearDownMethod()[pri:0, instance:com.wes.InvalidDateTestNGTest@6bdf28bb]" name="tearDownMethod" is-config="true" duration-ms="0" started-at="2016-03-15T07:59:35Z" finished-at="2016-03-15T07:59:35Z">
          <reporter-output>
          </reporter-output>
        </test-method> <!-- tearDownMethod -->
        <test-method status="PASS" signature="setUpMethod()[pri:0, instance:com.wes.InvalidDateTestNGTest@6bdf28bb]" name="setUpMethod" is-config="true" duration-ms="0" started-at="2016-03-15T07:59:35Z" finished-at="2016-03-15T07:59:35Z">
          <reporter-output>
          </reporter-output>
        </test-method> <!-- setUpMethod -->
        <test-method status="PASS" signature="invalidYear()[pri:0, instance:com.wes.InvalidDateTestNGTest@6bdf28bb]" name="invalidYear" duration-ms="1" started-at="2016-03-15T07:59:35Z" finished-at="2016-03-15T07:59:35Z">
          <reporter-output>
          </reporter-output>
        </test-method> <!-- invalidYear -->
        <test-method status="PASS" signature="tearDownMethod()[pri:0, instance:com.wes.InvalidDateTestNGTest@6bdf28bb]" name="tearDownMethod" is-config="true" duration-ms="0" started-at="2016-03-15T07:59:35Z" finished-at="2016-03-15T07:59:35Z">
          <reporter-output>
          </reporter-output>
        </test-method> <!-- tearDownMethod -->
        <test-method status="PASS" signature="onlyDateTokenizers()[pri:0, instance:com.wes.InvalidDateTestNGTest@6bdf28bb]" name="onlyDateTokenizers" duration-ms="1" started-at="2016-03-15T07:59:35Z" finished-at="2016-03-15T07:59:35Z">
          <reporter-output>
          </reporter-output>
        </test-method> <!-- onlyDateTokenizers -->
        <test-method status="PASS" signature="setUpMethod()[pri:0, instance:com.wes.InvalidDateTestNGTest@6bdf28bb]" name="setUpMethod" is-config="true" duration-ms="0" started-at="2016-03-15T07:59:35Z" finished-at="2016-03-15T07:59:35Z">
          <reporter-output>
          </reporter-output>
        </test-method> <!-- setUpMethod -->
        <test-method status="PASS" signature="tearDownMethod()[pri:0, instance:com.wes.InvalidDateTestNGTest@6bdf28bb]" name="tearDownMethod" is-config="true" duration-ms="1" started-at="2016-03-15T07:59:35Z" finished-at="2016-03-15T07:59:35Z">
          <reporter-output>
          </reporter-output>
        </test-method> <!-- tearDownMethod -->
        <test-method status="PASS" signature="tearDownMethod()[pri:0, instance:com.wes.InvalidDateTestNGTest@6bdf28bb]" name="tearDownMethod" is-config="true" duration-ms="1" started-at="2016-03-15T07:59:35Z" finished-at="2016-03-15T07:59:35Z">
          <reporter-output>
          </reporter-output>
        </test-method> <!-- tearDownMethod -->
        <test-method status="PASS" signature="setUpMethod()[pri:0, instance:com.wes.InvalidDateTestNGTest@6bdf28bb]" name="setUpMethod" is-config="true" duration-ms="0" started-at="2016-03-15T07:59:35Z" finished-at="2016-03-15T07:59:35Z">
          <reporter-output>
          </reporter-output>
        </test-method> <!-- setUpMethod -->
        <test-method status="PASS" signature="singleDate()[pri:0, instance:com.wes.InvalidDateTestNGTest@6bdf28bb]" name="singleDate" duration-ms="0" started-at="2016-03-15T07:59:35Z" finished-at="2016-03-15T07:59:35Z">
          <reporter-output>
          </reporter-output>
        </test-method> <!-- singleDate -->
        <test-method status="PASS" signature="tearDownClass()[pri:0, instance:com.wes.InvalidDateTestNGTest@6bdf28bb]" name="tearDownClass" is-config="true" duration-ms="0" started-at="2016-03-15T07:59:35Z" finished-at="2016-03-15T07:59:35Z">
          <reporter-output>
          </reporter-output>
        </test-method> <!-- tearDownClass -->
      </class> <!-- com.wes.InvalidDateTestNGTest -->
      <class name="com.wes.QADateIntervalTestNGTest">
        <test-method status="PASS" signature="setUpClass()[pri:0, instance:com.wes.QADateIntervalTestNGTest@3ac3fd8b]" name="setUpClass" is-config="true" duration-ms="0" started-at="2016-03-15T07:59:35Z" finished-at="2016-03-15T07:59:35Z">
          <reporter-output>
          </reporter-output>
        </test-method> <!-- setUpClass -->
        <test-method status="PASS" signature="setUpMethod()[pri:0, instance:com.wes.QADateIntervalTestNGTest@3ac3fd8b]" name="setUpMethod" is-config="true" duration-ms="0" started-at="2016-03-15T07:59:35Z" finished-at="2016-03-15T07:59:35Z">
          <reporter-output>
          </reporter-output>
        </test-method> <!-- setUpMethod -->
        <test-method status="PASS" signature="tearDownMethod()[pri:0, instance:com.wes.QADateIntervalTestNGTest@3ac3fd8b]" name="tearDownMethod" is-config="true" duration-ms="0" started-at="2016-03-15T07:59:35Z" finished-at="2016-03-15T07:59:35Z">
          <reporter-output>
          </reporter-output>
        </test-method> <!-- tearDownMethod -->
        <test-method status="PASS" signature="sampleTest1()[pri:0, instance:com.wes.QADateIntervalTestNGTest@3ac3fd8b]" name="sampleTest1" duration-ms="0" started-at="2016-03-15T07:59:35Z" finished-at="2016-03-15T07:59:35Z">
          <reporter-output>
          </reporter-output>
        </test-method> <!-- sampleTest1 -->
        <test-method status="PASS" signature="tearDownMethod()[pri:0, instance:com.wes.QADateIntervalTestNGTest@3ac3fd8b]" name="tearDownMethod" is-config="true" duration-ms="0" started-at="2016-03-15T07:59:35Z" finished-at="2016-03-15T07:59:35Z">
          <reporter-output>
          </reporter-output>
        </test-method> <!-- tearDownMethod -->
        <test-method status="PASS" signature="sampleTest2()[pri:0, instance:com.wes.QADateIntervalTestNGTest@3ac3fd8b]" name="sampleTest2" duration-ms="0" started-at="2016-03-15T07:59:35Z" finished-at="2016-03-15T07:59:35Z">
          <reporter-output>
          </reporter-output>
        </test-method> <!-- sampleTest2 -->
        <test-method status="PASS" signature="setUpMethod()[pri:0, instance:com.wes.QADateIntervalTestNGTest@3ac3fd8b]" name="setUpMethod" is-config="true" duration-ms="0" started-at="2016-03-15T07:59:35Z" finished-at="2016-03-15T07:59:35Z">
          <reporter-output>
          </reporter-output>
        </test-method> <!-- setUpMethod -->
        <test-method status="PASS" signature="tearDownMethod()[pri:0, instance:com.wes.QADateIntervalTestNGTest@3ac3fd8b]" name="tearDownMethod" is-config="true" duration-ms="0" started-at="2016-03-15T07:59:35Z" finished-at="2016-03-15T07:59:35Z">
          <reporter-output>
          </reporter-output>
        </test-method> <!-- tearDownMethod -->
        <test-method status="PASS" signature="sampleTest3()[pri:0, instance:com.wes.QADateIntervalTestNGTest@3ac3fd8b]" name="sampleTest3" duration-ms="0" started-at="2016-03-15T07:59:35Z" finished-at="2016-03-15T07:59:35Z">
          <reporter-output>
          </reporter-output>
        </test-method> <!-- sampleTest3 -->
        <test-method status="PASS" signature="setUpMethod()[pri:0, instance:com.wes.QADateIntervalTestNGTest@3ac3fd8b]" name="setUpMethod" is-config="true" duration-ms="0" started-at="2016-03-15T07:59:35Z" finished-at="2016-03-15T07:59:35Z">
          <reporter-output>
          </reporter-output>
        </test-method> <!-- setUpMethod -->
        <test-method status="PASS" signature="setUpMethod()[pri:0, instance:com.wes.QADateIntervalTestNGTest@3ac3fd8b]" name="setUpMethod" is-config="true" duration-ms="0" started-at="2016-03-15T07:59:35Z" finished-at="2016-03-15T07:59:35Z">
          <reporter-output>
          </reporter-output>
        </test-method> <!-- setUpMethod -->
        <test-method status="PASS" signature="sampleTest4()[pri:0, instance:com.wes.QADateIntervalTestNGTest@3ac3fd8b]" name="sampleTest4" duration-ms="0" started-at="2016-03-15T07:59:35Z" finished-at="2016-03-15T07:59:35Z">
          <reporter-output>
          </reporter-output>
        </test-method> <!-- sampleTest4 -->
        <test-method status="PASS" signature="tearDownMethod()[pri:0, instance:com.wes.QADateIntervalTestNGTest@3ac3fd8b]" name="tearDownMethod" is-config="true" duration-ms="0" started-at="2016-03-15T07:59:35Z" finished-at="2016-03-15T07:59:35Z">
          <reporter-output>
          </reporter-output>
        </test-method> <!-- tearDownMethod -->
        <test-method status="PASS" signature="setUpMethod()[pri:0, instance:com.wes.QADateIntervalTestNGTest@3ac3fd8b]" name="setUpMethod" is-config="true" duration-ms="0" started-at="2016-03-15T07:59:35Z" finished-at="2016-03-15T07:59:35Z">
          <reporter-output>
          </reporter-output>
        </test-method> <!-- setUpMethod -->
        <test-method status="PASS" signature="tearDownMethod()[pri:0, instance:com.wes.QADateIntervalTestNGTest@3ac3fd8b]" name="tearDownMethod" is-config="true" duration-ms="0" started-at="2016-03-15T07:59:35Z" finished-at="2016-03-15T07:59:35Z">
          <reporter-output>
          </reporter-output>
        </test-method> <!-- tearDownMethod -->
        <test-method status="PASS" signature="sampleTest5()[pri:0, instance:com.wes.QADateIntervalTestNGTest@3ac3fd8b]" name="sampleTest5" duration-ms="0" started-at="2016-03-15T07:59:35Z" finished-at="2016-03-15T07:59:35Z">
          <reporter-output>
          </reporter-output>
        </test-method> <!-- sampleTest5 -->
        <test-method status="PASS" signature="setUpMethod()[pri:0, instance:com.wes.QADateIntervalTestNGTest@3ac3fd8b]" name="setUpMethod" is-config="true" duration-ms="0" started-at="2016-03-15T07:59:35Z" finished-at="2016-03-15T07:59:35Z">
          <reporter-output>
          </reporter-output>
        </test-method> <!-- setUpMethod -->
        <test-method status="PASS" signature="tearDownMethod()[pri:0, instance:com.wes.QADateIntervalTestNGTest@3ac3fd8b]" name="tearDownMethod" is-config="true" duration-ms="1" started-at="2016-03-15T07:59:35Z" finished-at="2016-03-15T07:59:35Z">
          <reporter-output>
          </reporter-output>
        </test-method> <!-- tearDownMethod -->
        <test-method status="PASS" signature="sampleTest6()[pri:0, instance:com.wes.QADateIntervalTestNGTest@3ac3fd8b]" name="sampleTest6" duration-ms="0" started-at="2016-03-15T07:59:35Z" finished-at="2016-03-15T07:59:35Z">
          <reporter-output>
          </reporter-output>
        </test-method> <!-- sampleTest6 -->
        <test-method status="PASS" signature="tearDownClass()[pri:0, instance:com.wes.QADateIntervalTestNGTest@3ac3fd8b]" name="tearDownClass" is-config="true" duration-ms="0" started-at="2016-03-15T07:59:35Z" finished-at="2016-03-15T07:59:35Z">
          <reporter-output>
          </reporter-output>
        </test-method> <!-- tearDownClass -->
      </class> <!-- com.wes.QADateIntervalTestNGTest -->
    </test> <!-- Command line test -->
  </suite> <!-- Command line suite -->
</testng-results>
